

*******************************************************************************
Sat Oct 14 18:08:48 2017


FIT:    data read from "tiempos_busqueda.dat"
        format = z
        x range restricted to [0.00000 : 70000.0]
        #datapoints = 6
        residuals are weighted equally (unit weight)

function used for fitting: f(x)
	f(x) = a*log(x)
fitted parameters initialized with current variable values

iter      chisq       delta/lim  lambda   a            
   0 2.4118739525e+02   0.00e+00  6.34e+00    1.000000e+00
   5 7.0571300797e-14  -1.43e-10  6.34e-05    3.675998e-08

After 5 iterations the fit converged.
final sum of squares of residuals : 7.05713e-14
rel. change during last iteration : -1.43081e-15

degrees of freedom    (FIT_NDF)                        : 5
rms of residuals      (FIT_STDFIT) = sqrt(WSSR/ndf)    : 1.18803e-07
variance of residuals (reduced chisquare) = WSSR/ndf   : 1.41143e-14

Final set of parameters            Asymptotic Standard Error
=======================            ==========================
a               = 3.676e-08        +/- 7.65e-09     (20.81%)


*******************************************************************************
Sat Oct 14 18:09:29 2017


FIT:    data read from "tiempos_busqueda.dat"
        format = z
        x range restricted to [0.00000 : 70000.0]
        #datapoints = 6
        residuals are weighted equally (unit weight)

function used for fitting: f(x)
	f(x) = a*log(x)
fitted parameters initialized with current variable values

iter      chisq       delta/lim  lambda   a            
   0 7.0571300797e-14   0.00e+00  2.33e-07    3.675998e-08
   1 7.0571300797e-14   0.00e+00  2.33e-08    3.675998e-08

After 1 iterations the fit converged.
final sum of squares of residuals : 7.05713e-14
rel. change during last iteration : 0

degrees of freedom    (FIT_NDF)                        : 5
rms of residuals      (FIT_STDFIT) = sqrt(WSSR/ndf)    : 1.18803e-07
variance of residuals (reduced chisquare) = WSSR/ndf   : 1.41143e-14

Final set of parameters            Asymptotic Standard Error
=======================            ==========================
a               = 3.676e-08        +/- 7.65e-09     (20.81%)


*******************************************************************************
Sat Oct 14 18:10:22 2017


FIT:    data read from "tiempos_busqueda.dat"
        format = z
        x range restricted to [0.00000 : 70000.0]
        #datapoints = 6
        residuals are weighted equally (unit weight)

function used for fitting: f(x)
	f(x) = a * log(x)
BREAK: Need via and either parameter list or file

*******************************************************************************
Sat Oct 14 18:10:31 2017


FIT:    data read from "tiempos_busqueda.dat"
        format = z
        x range restricted to [0.00000 : 70000.0]
        #datapoints = 6
        residuals are weighted equally (unit weight)

function used for fitting: f(x)
	f(x) = a * log(x)
fitted parameters initialized with current variable values

iter      chisq       delta/lim  lambda   a            
   0 7.0571300797e-14   0.00e+00  2.33e-07    3.675998e-08
   1 7.0571300797e-14   0.00e+00  2.33e-08    3.675998e-08

After 1 iterations the fit converged.
final sum of squares of residuals : 7.05713e-14
rel. change during last iteration : 0

degrees of freedom    (FIT_NDF)                        : 5
rms of residuals      (FIT_STDFIT) = sqrt(WSSR/ndf)    : 1.18803e-07
variance of residuals (reduced chisquare) = WSSR/ndf   : 1.41143e-14

Final set of parameters            Asymptotic Standard Error
=======================            ==========================
a               = 3.676e-08        +/- 7.65e-09     (20.81%)


*******************************************************************************
Sat Oct 14 18:12:10 2017


FIT:    data read from "tiempos_busqueda.dat"
        format = z
        #datapoints = 6
        residuals are weighted equally (unit weight)

function used for fitting: f(x)
	f(x) = a * log(x)
fitted parameters initialized with current variable values

iter      chisq       delta/lim  lambda   a            
   0 2.4118739848e+02   0.00e+00  6.34e+00    1.000000e+00
   5 6.6788930279e-14  -1.70e-10  6.34e-05    3.006381e-08

After 5 iterations the fit converged.
final sum of squares of residuals : 6.67889e-14
rel. change during last iteration : -1.70082e-15

degrees of freedom    (FIT_NDF)                        : 5
rms of residuals      (FIT_STDFIT) = sqrt(WSSR/ndf)    : 1.15576e-07
variance of residuals (reduced chisquare) = WSSR/ndf   : 1.33578e-14

Final set of parameters            Asymptotic Standard Error
=======================            ==========================
a               = 3.00638e-08      +/- 7.442e-09    (24.75%)


*******************************************************************************
Sat Oct 14 18:12:29 2017


FIT:    data read from "tiempos_busqueda.dat"
        format = z
        #datapoints = 6
        residuals are weighted equally (unit weight)

function used for fitting: f(x)
	f(x) = a * log(x)
fitted parameters initialized with current variable values

iter      chisq       delta/lim  lambda   a            
   0 6.6788930279e-14   0.00e+00  1.91e-07    3.006381e-08
   1 6.6788930279e-14   0.00e+00  1.91e-08    3.006381e-08

After 1 iterations the fit converged.
final sum of squares of residuals : 6.67889e-14
rel. change during last iteration : 0

degrees of freedom    (FIT_NDF)                        : 5
rms of residuals      (FIT_STDFIT) = sqrt(WSSR/ndf)    : 1.15576e-07
variance of residuals (reduced chisquare) = WSSR/ndf   : 1.33578e-14

Final set of parameters            Asymptotic Standard Error
=======================            ==========================
a               = 3.00638e-08      +/- 7.442e-09    (24.75%)


*******************************************************************************
Sat Oct 14 18:12:30 2017


FIT:    data read from "tiempos_busqueda.dat"
        format = z
        #datapoints = 6
        residuals are weighted equally (unit weight)

function used for fitting: f(x)
	f(x) = a * log(x)
fitted parameters initialized with current variable values

iter      chisq       delta/lim  lambda   a            
   0 6.6788930279e-14   0.00e+00  1.91e-07    3.006381e-08
   1 6.6788930279e-14   0.00e+00  1.91e-08    3.006381e-08

After 1 iterations the fit converged.
final sum of squares of residuals : 6.67889e-14
rel. change during last iteration : 0

degrees of freedom    (FIT_NDF)                        : 5
rms of residuals      (FIT_STDFIT) = sqrt(WSSR/ndf)    : 1.15576e-07
variance of residuals (reduced chisquare) = WSSR/ndf   : 1.33578e-14

Final set of parameters            Asymptotic Standard Error
=======================            ==========================
a               = 3.00638e-08      +/- 7.442e-09    (24.75%)
